2024-07-27 15:35:25 - DEBUG - Data update by user7
2024-07-28 11:34:33 - DEBUG - User login by user18
2024-07-26 09:30:35 - INFO - User logout by user32
2024-07-29 14:12:32 - WARNING - User logout by user31
2024-07-23 07:30:38 - DEBUG - User login by user19
2024-07-22 14:10:42 - INFO - Data update by user43
2024-07-22 02:59:44 - WARNING - User logout by user5
2024-07-27 22:25:48 - INFO - User login by user77
2024-07-26 21:02:07 - INFO - File upload by user25
2024-07-24 09:39:51 - ERROR - Data update by user98
2024-07-21 11:53:17 - CRITICAL - User logout by user29
2024-07-29 05:59:29 - ERROR - User login by user51
2024-07-21 07:01:01 - DEBUG - Data update by user8
2024-07-22 07:53:18 - DEBUG - File upload by user66
2024-07-21 15:43:23 - WARNING - Data update by user51
2024-07-29 10:50:59 - ERROR - User logout by user19
2024-07-28 09:31:43 - WARNING - Permission change by user67
2024-07-20 07:30:23 - INFO - Data update by user9
2024-07-30 19:33:07 - DEBUG - User logout by user74
2024-07-24 20:32:24 - INFO - Permission change by user68
2024-07-28 01:29:27 - ERROR - User login by user66
2024-07-24 17:17:39 - CRITICAL - Data update by user70
2024-07-27 18:09:15 - INFO - User login by user23
2024-07-20 14:59:57 - DEBUG - User login by user52
2024-07-21 08:26:14 - CRITICAL - File download by user69
2024-07-20 19:27:35 - DEBUG - User login by user52
2024-07-23 00:26:35 - DEBUG - Permission change by user22
2024-07-27 02:06:25 - WARNING - User logout by user9
2024-07-27 16:59:05 - ERROR - Permission change by user34
2024-07-20 11:09:37 - ERROR - File upload by user68
2024-07-23 20:09:29 - WARNING - File download by user97
2024-07-30 22:04:22 - WARNING - User logout by user11
2024-07-19 15:43:21 - DEBUG - User logout by user99
2024-07-26 16:21:44 - CRITICAL - File upload by user28
2024-07-20 21:19:36 - INFO - Data update by user7
2024-07-21 12:08:19 - INFO - File download by user24
2024-07-25 23:00:31 - WARNING - Permission change by user62
2024-07-24 16:55:58 - WARNING - User login by user97
2024-07-23 06:21:49 - ERROR - Permission change by user90
2024-07-29 10:06:02 - INFO - Data update by user27
2024-07-23 14:36:12 - DEBUG - User login by user91
2024-07-21 01:02:28 - CRITICAL - File download by user16
2024-07-29 00:06:40 - CRITICAL - Permission change by user95
2024-07-29 01:10:45 - CRITICAL - Data update by user91
2024-07-22 19:59:26 - DEBUG - File upload by user66
2024-07-19 10:26:13 - WARNING - Permission change by user70
2024-07-23 16:13:18 - WARNING - File download by user58
2024-07-27 12:34:32 - CRITICAL - File download by user98
2024-07-30 03:03:15 - WARNING - Data update by user17
2024-07-28 13:00:17 - INFO - Data update by user54
2024-07-24 21:10:04 - INFO - File download by user77
2024-07-30 09:15:44 - CRITICAL - Permission change by user34
2024-07-30 19:40:03 - INFO - User logout by user5
2024-07-20 08:07:28 - CRITICAL - File download by user74
2024-07-20 00:54:49 - WARNING - Permission change by user17
2024-07-19 12:45:54 - CRITICAL - File upload by user10
2024-07-20 11:07:01 - WARNING - User login by user5
2024-07-19 22:37:30 - INFO - File download by user94
2024-07-23 22:38:38 - INFO - Permission change by user9
2024-07-28 13:22:37 - INFO - Permission change by user62
2024-07-25 13:43:36 - WARNING - File upload by user24
2024-07-29 23:46:42 - ERROR - Permission change by user90
2024-07-25 09:41:49 - WARNING - File download by user85
2024-07-29 19:54:36 - ERROR - Permission change by user34
2024-07-23 02:41:50 - WARNING - File download by user52
2024-07-26 03:55:30 - CRITICAL - Data update by user84
2024-07-30 19:43:05 - CRITICAL - User logout by user98
2024-07-30 19:10:03 - DEBUG - Data update by user34
2024-07-25 08:12:39 - CRITICAL - Permission change by user22
2024-07-19 18:00:26 - ERROR - User logout by user7
2024-07-30 08:26:17 - ERROR - Data update by user2
2024-07-29 16:49:46 - INFO - File download by user31
2024-07-19 18:56:33 - INFO - User logout by user84
2024-07-26 21:13:31 - INFO - File upload by user39
2024-07-20 05:13:38 - INFO - User logout by user89
2024-07-26 19:02:24 - INFO - File download by user26
2024-07-30 16:38:08 - CRITICAL - User login by user70
2024-07-26 18:41:14 - INFO - Permission change by user37
2024-07-29 04:58:45 - WARNING - File upload by user52
2024-07-20 22:41:41 - ERROR - User logout by user54
2024-07-28 18:56:54 - INFO - User logout by user78
2024-07-28 18:04:35 - INFO - File upload by user24
2024-07-22 13:18:11 - INFO - User login by user86
2024-07-20 12:08:20 - WARNING - User login by user85
2024-07-20 11:47:10 - WARNING - Permission change by user84
2024-07-19 23:48:30 - CRITICAL - File upload by user48
2024-07-27 19:47:48 - ERROR - User login by user23
2024-07-26 21:08:26 - INFO - File download by user63
2024-07-20 21:21:11 - WARNING - Permission change by user46
2024-07-20 17:01:12 - ERROR - File download by user30
2024-07-23 13:03:53 - INFO - File upload by user6
2024-07-30 02:56:20 - ERROR - Data update by user28
2024-07-21 12:34:31 - WARNING - Data update by user70
2024-07-23 05:58:44 - CRITICAL - File download by user62
2024-07-26 01:10:06 - WARNING - Data update by user3
2024-07-28 01:28:20 - CRITICAL - File download by user51
2024-07-27 22:58:23 - CRITICAL - File upload by user1
2024-07-26 14:23:35 - INFO - File upload by user66
2024-07-25 04:12:43 - CRITICAL - Permission change by user25
2024-07-30 08:07:32 - INFO - Data update by user44
2024-07-20 16:07:36 - ERROR - File upload by user6
2024-07-28 18:32:48 - ERROR - Data update by user34
2024-07-27 00:42:19 - DEBUG - User login by user97
2024-07-23 00:02:08 - CRITICAL - Permission change by user50
2024-07-28 11:38:09 - DEBUG - User logout by user68
2024-07-27 10:48:11 - DEBUG - Data update by user19
2024-07-23 16:25:08 - ERROR - File upload by user68
2024-07-19 10:47:43 - DEBUG - User logout by user56
2024-07-25 12:18:55 - ERROR - File download by user77
2024-07-27 10:28:17 - DEBUG - File download by user28
2024-07-28 04:09:37 - ERROR - File upload by user4
2024-07-23 05:33:51 - WARNING - File download by user98
2024-07-25 10:48:39 - DEBUG - File download by user64
2024-07-28 20:09:21 - DEBUG - User logout by user85
2024-07-23 08:47:09 - INFO - User logout by user16
2024-07-26 22:38:42 - WARNING - Data update by user66
2024-07-28 10:49:03 - INFO - File upload by user94
2024-07-26 05:40:36 - ERROR - Data update by user55
2024-07-30 01:55:53 - ERROR - File upload by user50
2024-07-29 01:48:14 - DEBUG - File download by user69
2024-07-28 05:53:27 - ERROR - Permission change by user63
2024-07-23 16:23:45 - WARNING - User login by user6
2024-07-29 00:11:17 - CRITICAL - User login by user66
2024-07-25 16:48:37 - WARNING - User logout by user29
2024-07-25 23:46:07 - WARNING - User login by user36
2024-07-25 17:12:26 - CRITICAL - User logout by user69
2024-07-21 08:18:46 - ERROR - File download by user43
2024-07-30 12:06:39 - INFO - Data update by user36
2024-07-25 14:21:11 - INFO - File download by user97
2024-07-21 06:29:50 - CRITICAL - File upload by user79
2024-07-25 23:52:09 - INFO - Data update by user11
2024-07-20 16:19:46 - CRITICAL - File upload by user65
2024-07-27 02:11:26 - DEBUG - Permission change by user77
2024-07-20 22:20:34 - INFO - User logout by user95
2024-07-19 09:52:51 - CRITICAL - User login by user77
2024-07-27 09:09:57 - WARNING - User login by user21
2024-07-19 10:52:53 - ERROR - User logout by user96
2024-07-27 13:33:00 - CRITICAL - User login by user59
2024-07-26 16:26:49 - INFO - Data update by user85
2024-07-22 05:58:02 - WARNING - User logout by user89
2024-07-30 10:15:26 - CRITICAL - Permission change by user28
2024-07-26 03:56:09 - CRITICAL - File upload by user98
2024-07-29 03:41:57 - CRITICAL - File upload by user95
2024-07-27 07:50:53 - ERROR - User logout by user32
2024-07-19 17:38:33 - CRITICAL - Permission change by user66
2024-07-27 21:24:39 - ERROR - Data update by user14
2024-07-30 19:49:07 - ERROR - User logout by user9
2024-07-20 21:32:37 - CRITICAL - Permission change by user37
2024-07-29 14:45:47 - CRITICAL - File upload by user33
2024-07-19 11:58:56 - DEBUG - Data update by user8
2024-07-22 02:53:44 - ERROR - File upload by user84
2024-07-23 22:04:10 - DEBUG - Permission change by user1
2024-07-21 02:43:00 - CRITICAL - File upload by user56
2024-07-28 10:14:24 - WARNING - User logout by user90
2024-07-25 10:28:35 - WARNING - User login by user69
2024-07-25 09:49:53 - ERROR - User login by user2
2024-07-25 19:48:27 - CRITICAL - Data update by user31
2024-07-20 02:44:59 - CRITICAL - User logout by user37
2024-07-29 18:26:55 - INFO - File download by user7
2024-07-21 17:41:51 - ERROR - Data update by user15
2024-07-21 09:20:00 - CRITICAL - Data update by user48
2024-07-24 22:21:42 - ERROR - User logout by user70
2024-07-23 19:13:29 - INFO - User logout by user77
2024-07-22 08:41:56 - DEBUG - User login by user7
2024-07-20 04:57:36 - DEBUG - File download by user68
2024-07-23 09:35:35 - ERROR - User logout by user40
2024-07-24 10:26:21 - ERROR - File download by user90
2024-07-19 15:11:07 - WARNING - Permission change by user59
2024-07-30 03:15:26 - DEBUG - File upload by user43
2024-07-27 22:14:00 - WARNING - File upload by user73
2024-07-28 23:44:31 - WARNING - File upload by user16
2024-07-21 09:02:25 - ERROR - User logout by user15
2024-07-26 04:14:36 - CRITICAL - User login by user17
2024-07-29 12:08:49 - INFO - User logout by user21
2024-07-27 23:38:51 - DEBUG - File upload by user32
2024-07-19 23:06:04 - CRITICAL - Permission change by user36
2024-07-26 03:34:30 - DEBUG - User logout by user67
2024-07-22 12:16:12 - CRITICAL - File download by user57
2024-07-25 03:21:05 - DEBUG - File download by user29
2024-07-29 15:02:23 - INFO - File upload by user91
2024-07-22 06:08:37 - INFO - Permission change by user12
2024-07-30 10:14:58 - CRITICAL - File download by user39
2024-07-22 14:20:33 - CRITICAL - User logout by user66
2024-07-19 22:37:53 - INFO - User logout by user75
2024-07-29 04:26:45 - WARNING - File download by user58
2024-07-23 07:23:57 - CRITICAL - File upload by user86
2024-07-27 03:07:43 - CRITICAL - File upload by user50
2024-07-20 09:02:00 - ERROR - User login by user93
2024-07-26 06:57:03 - INFO - File download by user33
2024-07-30 23:08:52 - DEBUG - Permission change by user2
2024-07-29 10:13:12 - CRITICAL - File upload by user15
2024-07-29 12:17:53 - ERROR - File download by user32
2024-07-25 06:26:42 - CRITICAL - File upload by user53
2024-07-20 12:49:07 - DEBUG - File download by user50
2024-07-27 22:54:38 - WARNING - User logout by user30
2024-07-21 07:53:01 - DEBUG - User login by user10
2024-07-21 02:04:49 - DEBUG - File download by user25
2024-07-25 07:22:09 - ERROR - Data update by user98
2024-07-28 13:39:39 - INFO - User login by user77
2024-07-26 15:54:35 - ERROR - Permission change by user87
2024-07-30 02:44:22 - ERROR - User login by user65
2024-07-24 23:00:36 - WARNING - User logout by user85
2024-07-27 11:09:34 - INFO - Data update by user98
2024-07-27 20:53:44 - CRITICAL - File upload by user67
2024-07-24 08:02:17 - ERROR - File upload by user77
2024-07-20 19:58:16 - ERROR - File download by user27
2024-07-27 22:52:03 - WARNING - User login by user18
2024-07-24 13:00:38 - WARNING - User logout by user4
2024-07-30 00:52:39 - ERROR - Permission change by user35
2024-07-26 05:07:25 - ERROR - File upload by user72
2024-07-27 09:02:35 - CRITICAL - Permission change by user62
2024-07-20 00:06:08 - DEBUG - File download by user19
2024-07-25 17:12:02 - WARNING - User logout by user82
2024-07-24 05:04:08 - ERROR - User login by user90
2024-07-29 05:02:37 - INFO - File download by user94
2024-07-26 11:25:20 - INFO - Permission change by user41
2024-07-26 15:16:23 - CRITICAL - Permission change by user38
2024-07-25 20:06:05 - ERROR - Data update by user64
2024-07-22 02:22:10 - INFO - User login by user10
2024-07-27 22:29:42 - WARNING - File upload by user32
2024-07-19 19:05:53 - WARNING - File upload by user56
2024-07-28 01:54:57 - WARNING - User login by user95
2024-07-25 23:42:36 - ERROR - Permission change by user11
2024-07-24 21:57:00 - WARNING - User login by user37
2024-07-21 18:56:42 - ERROR - File download by user16
2024-07-25 06:19:06 - CRITICAL - Permission change by user62
2024-07-26 23:37:34 - INFO - Permission change by user22
2024-07-21 11:08:13 - INFO - User login by user58
2024-07-22 06:03:32 - ERROR - Permission change by user100
2024-07-22 15:36:34 - INFO - User logout by user72
2024-07-23 23:32:03 - INFO - User logout by user4
2024-07-26 11:48:55 - CRITICAL - File download by user8
2024-07-27 08:28:59 - INFO - File download by user37
2024-07-23 21:23:47 - INFO - File upload by user62
2024-07-25 14:56:38 - CRITICAL - Permission change by user98
2024-07-20 07:29:59 - CRITICAL - Permission change by user55
2024-07-21 22:42:55 - INFO - Permission change by user69
2024-07-24 22:10:40 - ERROR - File download by user31
2024-07-22 19:49:30 - WARNING - User login by user96
2024-07-28 12:56:41 - ERROR - File download by user24
2024-07-21 17:52:23 - ERROR - File download by user87
2024-07-20 06:41:12 - INFO - User login by user26
2024-07-20 08:19:29 - ERROR - User login by user92
2024-07-20 05:13:59 - INFO - File upload by user19
2024-07-19 21:12:36 - INFO - User logout by user37
2024-07-20 03:59:20 - DEBUG - User login by user67
2024-07-26 05:31:21 - WARNING - Data update by user61
2024-07-30 04:43:50 - DEBUG - File upload by user65
2024-07-28 02:03:52 - CRITICAL - Permission change by user96
2024-07-30 06:35:13 - DEBUG - File upload by user7
2024-07-30 23:05:43 - CRITICAL - File download by user20
2024-07-23 23:32:07 - CRITICAL - Data update by user39
2024-07-25 06:01:49 - INFO - File download by user48
2024-07-21 03:40:08 - INFO - File download by user16
2024-07-19 17:45:29 - INFO - User login by user49
2024-07-30 11:18:45 - INFO - File download by user61
2024-07-30 03:59:06 - INFO - User logout by user29
2024-07-20 06:37:38 - WARNING - User logout by user45
2024-07-23 07:53:15 - DEBUG - Data update by user62
2024-07-26 02:23:51 - ERROR - User login by user25
2024-07-29 02:50:50 - DEBUG - Data update by user8
2024-07-23 12:16:40 - DEBUG - Permission change by user60
2024-07-19 21:04:37 - ERROR - File download by user39
2024-07-24 08:23:35 - WARNING - User login by user38
2024-07-23 03:50:00 - INFO - Data update by user26
2024-07-27 04:05:51 - ERROR - File upload by user51
2024-07-21 03:45:42 - INFO - File download by user7
2024-07-29 19:05:13 - ERROR - Permission change by user60
2024-07-27 01:58:13 - CRITICAL - User login by user61
2024-07-20 17:11:56 - ERROR - User login by user14
2024-07-21 09:55:55 - ERROR - File upload by user95
2024-07-20 22:11:04 - DEBUG - Data update by user24
2024-07-27 19:59:21 - CRITICAL - File download by user27
2024-07-22 13:56:57 - WARNING - User logout by user88
2024-07-30 17:01:21 - WARNING - Data update by user86
2024-07-27 06:09:47 - INFO - Data update by user22
2024-07-24 09:36:49 - ERROR - Permission change by user65
2024-07-28 13:30:36 - ERROR - Permission change by user8
2024-07-22 17:03:58 - CRITICAL - Permission change by user42
2024-07-20 21:50:48 - INFO - Data update by user17
2024-07-25 02:00:10 - DEBUG - File upload by user18
2024-07-29 09:34:16 - WARNING - Data update by user74
2024-07-29 16:49:32 - ERROR - Permission change by user68
2024-07-23 07:41:57 - ERROR - Data update by user23
2024-07-22 14:15:54 - ERROR - User login by user72
2024-07-29 22:45:53 - ERROR - Data update by user16
2024-07-30 07:53:55 - INFO - User login by user9
2024-07-28 06:24:11 - ERROR - Data update by user55
2024-07-22 07:37:34 - CRITICAL - Data update by user23
2024-07-21 08:54:01 - DEBUG - Data update by user50
2024-07-24 16:08:10 - DEBUG - File upload by user98
2024-07-27 22:13:45 - DEBUG - File download by user9
2024-07-26 10:01:57 - INFO - Data update by user81
2024-07-24 19:31:17 - INFO - User logout by user51
2024-07-21 13:52:43 - DEBUG - User login by user71
2024-07-20 20:17:42 - CRITICAL - Data update by user48
2024-07-23 16:31:34 - ERROR - User login by user75
2024-07-28 23:14:24 - WARNING - User logout by user15
2024-07-26 14:21:05 - CRITICAL - File download by user47
2024-07-19 16:01:07 - DEBUG - User login by user11
2024-07-28 13:34:58 - WARNING - User login by user83
2024-07-25 01:37:19 - CRITICAL - Data update by user99
2024-07-30 11:56:18 - DEBUG - File download by user13
2024-07-26 23:34:15 - ERROR - File upload by user60
2024-07-27 17:57:50 - ERROR - File download by user91
2024-07-25 19:38:47 - CRITICAL - User login by user99
2024-07-21 09:33:29 - DEBUG - User login by user98
2024-07-26 10:30:04 - DEBUG - File download by user49
2024-07-28 16:40:56 - INFO - User logout by user23
2024-07-28 02:41:43 - DEBUG - File download by user64
2024-07-30 18:04:32 - INFO - User logout by user43
2024-07-28 04:47:51 - INFO - Permission change by user57
2024-07-22 09:18:31 - DEBUG - User logout by user47
2024-07-26 11:58:34 - CRITICAL - File upload by user96
2024-07-29 18:51:39 - WARNING - User logout by user54
2024-07-30 16:48:43 - CRITICAL - User login by user67
2024-07-27 19:41:10 - ERROR - User login by user55
2024-07-20 23:16:39 - ERROR - User logout by user63
2024-07-24 13:34:05 - DEBUG - User logout by user1
2024-07-23 11:57:48 - DEBUG - User logout by user50
2024-07-20 01:44:06 - WARNING - File upload by user59
2024-07-24 02:01:07 - ERROR - Permission change by user43
2024-07-27 13:31:05 - CRITICAL - File download by user70
2024-07-21 01:54:35 - WARNING - File download by user73
2024-07-30 14:22:18 - ERROR - Permission change by user18
2024-07-19 21:38:39 - DEBUG - File upload by user18
2024-07-29 00:22:19 - INFO - Permission change by user7
2024-07-22 18:49:00 - ERROR - User logout by user97
2024-07-21 15:48:42 - CRITICAL - File upload by user36
2024-07-28 17:34:13 - DEBUG - User login by user51
2024-07-30 19:52:42 - INFO - User logout by user78
2024-07-29 22:20:22 - CRITICAL - File download by user38
2024-07-29 21:42:17 - INFO - Data update by user11
2024-07-29 01:21:55 - CRITICAL - File download by user45
2024-07-24 06:55:50 - ERROR - File upload by user93
2024-07-25 13:46:49 - WARNING - Data update by user83
2024-07-30 09:18:04 - ERROR - File upload by user25
2024-07-20 21:08:58 - CRITICAL - User login by user63
2024-07-27 23:48:05 - CRITICAL - User login by user97
2024-07-20 05:03:15 - INFO - File download by user53
2024-07-22 15:28:40 - INFO - User logout by user43
2024-07-29 17:58:40 - DEBUG - Data update by user34
2024-07-29 14:22:09 - DEBUG - Data update by user41
2024-07-30 17:18:39 - ERROR - User logout by user18
2024-07-24 05:24:09 - CRITICAL - User login by user88
2024-07-22 18:18:50 - CRITICAL - User logout by user87
2024-07-22 13:07:15 - ERROR - User login by user3
2024-07-23 04:02:53 - DEBUG - User login by user42
2024-07-27 20:11:35 - WARNING - Data update by user40
2024-07-26 09:29:54 - INFO - File download by user28
2024-07-27 23:21:29 - WARNING - File upload by user87
2024-07-21 13:30:31 - DEBUG - User logout by user98
2024-07-22 13:31:19 - CRITICAL - Data update by user70
2024-07-26 03:43:20 - ERROR - User login by user67
2024-07-30 03:39:34 - INFO - File upload by user27
2024-07-24 13:47:50 - WARNING - File download by user88
2024-07-21 19:39:47 - CRITICAL - Permission change by user65
2024-07-30 16:03:44 - ERROR - Data update by user74
2024-07-30 12:14:14 - DEBUG - User logout by user93
2024-07-28 23:49:33 - CRITICAL - Data update by user48
2024-07-27 09:48:39 - CRITICAL - Data update by user88
2024-07-27 20:35:13 - CRITICAL - File download by user29
2024-07-29 23:39:33 - DEBUG - Data update by user17
2024-07-26 14:46:44 - CRITICAL - Permission change by user67
2024-07-23 23:52:32 - DEBUG - File download by user79
2024-07-19 18:24:06 - WARNING - Data update by user20
2024-07-20 05:14:12 - ERROR - File download by user8
2024-07-22 10:16:48 - ERROR - Data update by user92
2024-07-23 19:51:35 - DEBUG - File upload by user45
2024-07-28 17:57:16 - DEBUG - Data update by user56
2024-07-28 23:37:22 - WARNING - User login by user13
2024-07-27 09:24:34 - ERROR - Data update by user21
2024-07-21 15:09:38 - ERROR - User logout by user85
2024-07-26 05:52:50 - DEBUG - User logout by user71
2024-07-28 09:51:45 - DEBUG - Data update by user47
2024-07-25 08:23:55 - CRITICAL - Data update by user5
2024-07-29 22:11:14 - CRITICAL - Permission change by user79
2024-07-22 18:51:52 - ERROR - File upload by user28
2024-07-22 19:09:53 - WARNING - File upload by user74
2024-07-22 17:47:24 - WARNING - User login by user54
2024-07-29 18:40:26 - CRITICAL - Permission change by user29
2024-07-29 13:51:38 - WARNING - Permission change by user84
2024-07-23 04:10:31 - ERROR - User login by user81
2024-07-29 07:48:25 - INFO - Data update by user15
2024-07-26 20:46:06 - DEBUG - Permission change by user7
2024-07-22 22:36:53 - DEBUG - File download by user85
2024-07-25 20:15:40 - CRITICAL - File download by user94
2024-07-29 15:36:21 - WARNING - Permission change by user80
2024-07-30 15:37:23 - WARNING - Data update by user65
2024-07-20 11:56:19 - CRITICAL - User logout by user71
2024-07-28 18:07:47 - DEBUG - File upload by user63
2024-07-21 16:52:47 - CRITICAL - User login by user39
2024-07-22 01:51:17 - INFO - Permission change by user9
2024-07-27 13:24:14 - DEBUG - File upload by user80
2024-07-25 17:56:55 - CRITICAL - Permission change by user30
2024-07-29 18:00:25 - INFO - Data update by user13
2024-07-27 05:50:05 - INFO - File download by user67
2024-07-29 17:08:39 - WARNING - File upload by user62
2024-07-24 08:55:24 - CRITICAL - User login by user30
2024-07-25 09:43:32 - DEBUG - File download by user28
2024-07-30 10:27:37 - INFO - File download by user26
2024-07-30 21:04:46 - CRITICAL - User login by user83
2024-07-24 03:14:11 - CRITICAL - File upload by user88
2024-07-25 12:15:46 - ERROR - File upload by user65
2024-07-27 09:30:33 - WARNING - User logout by user90
2024-07-25 06:44:29 - CRITICAL - User logout by user38
2024-07-22 14:20:39 - DEBUG - User login by user40
2024-07-26 23:18:24 - DEBUG - File download by user55
2024-07-29 22:31:47 - DEBUG - Permission change by user35
2024-07-23 01:06:47 - DEBUG - Permission change by user13
2024-07-28 02:27:08 - INFO - File download by user36
2024-07-28 10:46:52 - CRITICAL - Data update by user91
2024-07-27 17:16:53 - CRITICAL - Data update by user80
2024-07-28 11:30:08 - CRITICAL - Permission change by user66
2024-07-23 14:12:06 - INFO - Data update by user48
2024-07-24 04:05:31 - WARNING - User logout by user9
2024-07-24 13:56:14 - ERROR - User logout by user24
2024-07-23 20:27:31 - DEBUG - Data update by user95
2024-07-27 04:39:36 - DEBUG - Data update by user57
2024-07-22 23:33:31 - CRITICAL - File upload by user88
2024-07-21 07:05:28 - DEBUG - User login by user22
2024-07-30 08:54:41 - CRITICAL - File download by user28
2024-07-29 02:38:04 - ERROR - User login by user24
2024-07-29 23:04:33 - INFO - Data update by user39
2024-07-28 17:09:28 - INFO - Permission change by user23
2024-07-29 09:34:01 - WARNING - Permission change by user77
2024-07-26 23:39:26 - CRITICAL - User logout by user84
2024-07-29 05:51:28 - CRITICAL - User login by user22
2024-07-23 17:22:38 - INFO - Permission change by user30
2024-07-19 17:05:46 - DEBUG - File upload by user33
2024-07-27 02:26:34 - INFO - File upload by user61
2024-07-21 19:02:21 - CRITICAL - Permission change by user48
2024-07-23 02:06:51 - DEBUG - File upload by user80
2024-07-24 09:47:27 - WARNING - File download by user94
2024-07-19 16:21:23 - ERROR - File upload by user58
2024-07-24 04:24:14 - DEBUG - Permission change by user46
2024-07-21 15:06:05 - CRITICAL - User login by user52
2024-07-21 19:43:27 - INFO - User login by user72
2024-07-19 10:23:48 - INFO - User login by user20
2024-07-28 19:18:51 - DEBUG - File download by user37
2024-07-25 17:45:49 - DEBUG - Data update by user33
2024-07-22 11:46:26 - CRITICAL - Permission change by user25
2024-07-24 14:08:50 - INFO - File upload by user37
2024-07-25 02:59:51 - INFO - File download by user44
2024-07-20 00:46:16 - ERROR - File download by user54
2024-07-28 01:53:45 - CRITICAL - File upload by user37
2024-07-21 09:16:35 - INFO - Permission change by user10
2024-07-29 23:32:26 - DEBUG - User logout by user13
2024-07-19 13:54:34 - ERROR - User login by user82
2024-07-20 16:29:35 - DEBUG - User logout by user39
2024-07-29 10:31:28 - INFO - User logout by user79
2024-07-30 13:51:31 - WARNING - User login by user73
2024-07-23 03:52:53 - INFO - User login by user13
2024-07-20 12:32:13 - DEBUG - Data update by user84
2024-07-28 10:18:16 - WARNING - User logout by user34
2024-07-24 23:07:36 - DEBUG - Permission change by user23
2024-07-28 10:26:19 - CRITICAL - Data update by user74
2024-07-26 04:24:52 - INFO - User login by user87
2024-07-30 14:59:10 - CRITICAL - File upload by user16
2024-07-27 19:33:10 - CRITICAL - User logout by user16
2024-07-22 11:43:13 - WARNING - Data update by user90
2024-07-29 17:01:58 - ERROR - File upload by user80
2024-07-30 18:46:33 - WARNING - User logout by user63
2024-07-27 09:26:00 - INFO - File download by user50
2024-07-24 01:41:44 - DEBUG - Permission change by user6
2024-07-26 07:19:03 - INFO - Data update by user90
2024-07-24 05:52:38 - DEBUG - Data update by user93
2024-07-23 01:22:45 - WARNING - Permission change by user5
2024-07-26 19:29:55 - DEBUG - Data update by user4
2024-07-29 04:23:04 - CRITICAL - User logout by user22
2024-07-21 01:06:31 - DEBUG - File upload by user66
2024-07-19 17:50:09 - INFO - User login by user48
2024-07-30 15:58:22 - WARNING - Data update by user18
2024-07-21 03:48:58 - WARNING - File download by user80
2024-07-29 03:53:22 - CRITICAL - User login by user4
2024-07-23 02:46:42 - INFO - Permission change by user83
2024-07-23 18:22:42 - INFO - Permission change by user15
2024-07-23 18:16:21 - INFO - User logout by user43
2024-07-25 04:04:55 - CRITICAL - File upload by user70
2024-07-27 18:49:17 - INFO - File download by user32
2024-07-24 06:33:58 - ERROR - Data update by user76
2024-07-28 02:33:05 - INFO - Data update by user28
2024-07-21 22:47:35 - INFO - File download by user48
2024-07-24 19:50:37 - DEBUG - File download by user13
2024-07-25 07:29:39 - WARNING - User logout by user78
2024-07-23 16:22:23 - INFO - User logout by user9
2024-07-20 23:15:10 - DEBUG - File upload by user83
2024-07-25 20:42:01 - CRITICAL - Data update by user33
2024-07-25 17:22:29 - ERROR - Data update by user18
2024-07-24 13:06:24 - DEBUG - User logout by user9
2024-07-29 19:49:21 - INFO - File download by user4
2024-07-24 08:46:10 - INFO - File upload by user56
2024-07-19 22:37:00 - WARNING - Permission change by user47
2024-07-29 19:10:20 - INFO - File download by user85
2024-07-24 12:09:46 - INFO - Data update by user76
2024-07-30 14:06:44 - INFO - Permission change by user17
2024-07-28 01:27:07 - ERROR - User logout by user50
2024-07-28 14:15:11 - CRITICAL - User login by user1
2024-07-20 18:47:11 - INFO - Permission change by user9
2024-07-24 10:13:37 - WARNING - File upload by user5
2024-07-22 08:31:08 - CRITICAL - File download by user79
2024-07-29 15:31:38 - WARNING - Permission change by user41
2024-07-27 03:01:48 - CRITICAL - Permission change by user35
2024-07-19 23:21:36 - WARNING - File upload by user10
2024-07-24 02:25:23 - INFO - Data update by user65
2024-07-23 01:18:09 - DEBUG - File download by user73
2024-07-24 08:24:08 - WARNING - File download by user26
2024-07-20 07:01:16 - WARNING - Data update by user18
2024-07-30 22:14:36 - INFO - Data update by user32
2024-07-24 05:16:43 - DEBUG - File download by user53
2024-07-24 14:42:28 - CRITICAL - Data update by user94
2024-07-25 18:15:47 - DEBUG - Data update by user92
2024-07-23 19:33:02 - INFO - User logout by user49
2024-07-28 05:56:26 - INFO - File download by user15
2024-07-25 23:51:07 - ERROR - File upload by user44
2024-07-24 04:18:12 - CRITICAL - File download by user93
2024-07-29 09:32:24 - DEBUG - User login by user8
2024-07-29 20:33:12 - DEBUG - User logout by user59
2024-07-22 08:11:04 - ERROR - User login by user9
2024-07-23 07:55:08 - INFO - User logout by user92
2024-07-25 01:34:34 - ERROR - File upload by user86
2024-07-26 00:30:50 - INFO - User logout by user35
2024-07-28 13:53:19 - DEBUG - User logout by user49
2024-07-29 17:42:39 - WARNING - User login by user55
2024-07-30 15:34:14 - DEBUG - File download by user42
2024-07-26 11:18:47 - INFO - File upload by user95
2024-07-28 12:08:02 - WARNING - File upload by user95
2024-07-22 07:42:19 - INFO - File download by user78
2024-07-22 23:20:38 - CRITICAL - Permission change by user100
2024-07-21 07:52:09 - WARNING - User login by user71
2024-07-20 09:24:10 - DEBUG - Permission change by user8
2024-07-30 18:12:23 - INFO - User logout by user100
2024-07-23 18:51:50 - DEBUG - Data update by user98
2024-07-21 11:10:18 - WARNING - Permission change by user19
2024-07-25 17:56:44 - INFO - Data update by user2
2024-07-26 13:17:58 - DEBUG - File upload by user29
2024-07-23 02:13:35 - INFO - Permission change by user12
2024-07-20 20:48:18 - INFO - File upload by user6
2024-07-30 06:23:45 - INFO - File download by user70
2024-07-23 09:23:52 - DEBUG - User login by user98
2024-07-24 03:57:11 - DEBUG - File upload by user8
2024-07-28 17:58:54 - CRITICAL - File download by user58
2024-07-21 03:37:56 - CRITICAL - User login by user15
2024-07-29 19:05:47 - WARNING - User logout by user21
2024-07-28 00:56:55 - CRITICAL - File upload by user3
2024-07-30 17:47:18 - ERROR - Data update by user8
2024-07-26 23:38:22 - ERROR - File upload by user24
2024-07-27 05:31:50 - INFO - File upload by user39
2024-07-25 20:41:48 - DEBUG - Data update by user20
2024-07-26 18:27:46 - DEBUG - File upload by user83
2024-07-24 03:51:19 - CRITICAL - User logout by user1
2024-07-24 10:20:15 - DEBUG - File download by user100
2024-07-29 05:36:08 - CRITICAL - File download by user37
2024-07-22 06:04:10 - DEBUG - Data update by user80
2024-07-23 20:49:35 - ERROR - File upload by user42
2024-07-22 12:25:15 - ERROR - User logout by user18
2024-07-28 13:38:19 - DEBUG - Permission change by user18
2024-07-26 07:39:06 - CRITICAL - Data update by user11
2024-07-28 23:55:14 - INFO - Data update by user85
2024-07-28 06:55:41 - CRITICAL - File download by user44
2024-07-22 18:41:47 - ERROR - User login by user26
2024-07-27 14:53:30 - DEBUG - Permission change by user20
2024-07-30 06:29:39 - DEBUG - Permission change by user9
2024-07-28 17:24:01 - DEBUG - User login by user83
2024-07-28 02:06:19 - ERROR - Data update by user31
2024-07-23 10:36:50 - WARNING - Data update by user63
2024-07-26 16:43:52 - ERROR - File upload by user7
2024-07-21 22:25:34 - ERROR - Data update by user72
2024-07-22 20:02:22 - WARNING - File download by user15
2024-07-20 14:19:19 - WARNING - Data update by user4
2024-07-22 13:16:50 - WARNING - File download by user90
2024-07-20 00:27:04 - INFO - File upload by user29
2024-07-23 17:45:35 - INFO - File download by user22
2024-07-26 19:17:38 - WARNING - File upload by user55
2024-07-28 20:25:20 - ERROR - File download by user43
2024-07-22 21:43:44 - WARNING - User login by user37
2024-07-28 11:48:07 - INFO - File upload by user86
2024-07-26 06:58:54 - DEBUG - File download by user76
2024-07-28 04:38:06 - CRITICAL - Permission change by user86
2024-07-19 16:53:20 - DEBUG - Data update by user56
2024-07-29 22:41:19 - WARNING - File upload by user24
2024-07-26 07:17:30 - ERROR - User login by user1
2024-07-28 07:53:14 - ERROR - Data update by user8
2024-07-29 17:02:06 - CRITICAL - Data update by user26
2024-07-20 18:00:02 - DEBUG - Data update by user26
2024-07-25 13:24:17 - CRITICAL - File upload by user55
2024-07-23 16:19:01 - ERROR - User login by user51
2024-07-23 01:31:39 - CRITICAL - User login by user77
2024-07-27 19:30:20 - INFO - Data update by user21
2024-07-23 18:26:31 - ERROR - Permission change by user34
2024-07-21 11:03:41 - WARNING - User logout by user83
2024-07-30 01:00:19 - ERROR - Data update by user3
2024-07-23 05:36:55 - DEBUG - User login by user53
2024-07-30 11:20:44 - DEBUG - User login by user84
2024-07-27 18:55:58 - INFO - Permission change by user62
2024-07-25 06:53:49 - DEBUG - User login by user96
2024-07-24 20:14:00 - ERROR - Data update by user6
2024-07-24 10:04:20 - DEBUG - User login by user14
2024-07-25 09:45:33 - CRITICAL - Permission change by user4
2024-07-26 19:44:48 - ERROR - User login by user33
2024-07-19 15:22:56 - DEBUG - User logout by user57
2024-07-27 06:39:30 - DEBUG - File download by user16
2024-07-21 01:46:54 - INFO - User login by user99
2024-07-27 09:34:30 - WARNING - Data update by user18
2024-07-26 07:05:08 - INFO - User logout by user44
2024-07-22 01:37:18 - DEBUG - File upload by user32
2024-07-27 14:43:01 - CRITICAL - File upload by user31
2024-07-29 13:38:44 - DEBUG - Permission change by user1
2024-07-27 18:54:47 - INFO - File upload by user32
2024-07-19 18:29:59 - CRITICAL - File upload by user100
2024-07-27 00:51:29 - CRITICAL - User login by user94
2024-07-29 00:33:28 - CRITICAL - User logout by user28
2024-07-23 13:05:12 - ERROR - File download by user25
2024-07-20 09:01:56 - WARNING - Data update by user70
2024-07-27 05:42:48 - DEBUG - Permission change by user43
2024-07-23 20:51:00 - CRITICAL - File upload by user97
2024-07-25 22:48:59 - ERROR - User logout by user13
2024-07-29 00:28:38 - INFO - File download by user31
2024-07-19 15:05:51 - INFO - Data update by user11
2024-07-23 12:38:14 - ERROR - Permission change by user1
2024-07-22 04:53:26 - CRITICAL - File download by user87
2024-07-24 09:37:25 - WARNING - File download by user15
2024-07-21 15:53:12 - WARNING - Permission change by user47
2024-07-30 12:38:52 - WARNING - Permission change by user91
2024-07-30 04:38:04 - CRITICAL - Data update by user41
2024-07-19 12:35:41 - ERROR - Permission change by user51
2024-07-29 03:49:23 - WARNING - User logout by user21
2024-07-20 07:48:50 - DEBUG - Data update by user70
2024-07-26 21:47:26 - ERROR - File upload by user11
2024-07-26 10:14:57 - CRITICAL - Data update by user19
2024-07-29 11:47:56 - WARNING - File upload by user63
2024-07-23 17:17:19 - ERROR - Data update by user56
2024-07-25 23:31:20 - CRITICAL - User login by user34
2024-07-26 16:43:00 - CRITICAL - User logout by user86
2024-07-23 20:56:10 - DEBUG - User login by user7
2024-07-20 11:46:48 - CRITICAL - Permission change by user6
2024-07-27 21:25:12 - CRITICAL - Permission change by user40
2024-07-21 05:42:26 - DEBUG - Permission change by user69
2024-07-25 10:52:15 - INFO - File download by user88
2024-07-28 10:36:06 - ERROR - File upload by user21
2024-07-25 11:01:07 - ERROR - User login by user23
2024-07-26 14:43:44 - INFO - User logout by user13
2024-07-21 17:14:11 - INFO - User login by user63
2024-07-30 03:12:07 - WARNING - File download by user7
2024-07-30 04:41:26 - INFO - User logout by user13
2024-07-25 01:41:55 - WARNING - User login by user98
2024-07-26 00:57:36 - WARNING - Data update by user36
2024-07-21 05:06:38 - INFO - File download by user85
2024-07-25 00:42:20 - WARNING - User login by user72
2024-07-29 16:50:24 - WARNING - Permission change by user53
2024-07-21 22:32:17 - ERROR - Data update by user45
2024-07-28 11:21:21 - INFO - Permission change by user46
2024-07-23 20:57:32 - INFO - User login by user55
2024-07-30 09:44:27 - DEBUG - File download by user82
2024-07-24 18:01:07 - WARNING - File upload by user19
2024-07-25 21:41:38 - CRITICAL - User logout by user89
2024-07-27 16:00:47 - ERROR - Permission change by user29
2024-07-26 14:45:07 - INFO - Data update by user56
2024-07-25 21:06:18 - WARNING - File upload by user33
2024-07-27 11:47:05 - INFO - File download by user75
2024-07-26 03:47:30 - INFO - Permission change by user71
2024-07-21 19:38:05 - ERROR - User logout by user31
2024-07-29 16:39:53 - DEBUG - File upload by user42
2024-07-22 21:36:34 - WARNING - File upload by user3
2024-07-21 08:04:30 - ERROR - Permission change by user66
2024-07-23 18:38:07 - INFO - Data update by user73
2024-07-30 14:23:56 - CRITICAL - Permission change by user66
2024-07-27 03:04:19 - WARNING - File download by user56
2024-07-24 10:13:56 - INFO - User logout by user24
2024-07-28 14:54:15 - DEBUG - Data update by user38
2024-07-26 23:35:41 - CRITICAL - User logout by user3
2024-07-24 11:45:29 - INFO - User login by user49
2024-07-25 01:12:57 - WARNING - File upload by user19
2024-07-20 03:59:21 - DEBUG - Permission change by user30
2024-07-20 10:22:57 - CRITICAL - Data update by user77
2024-07-23 20:54:34 - CRITICAL - User logout by user57
2024-07-28 18:44:35 - DEBUG - User logout by user94
2024-07-22 12:42:34 - WARNING - User logout by user75
2024-07-21 22:14:49 - WARNING - File download by user78
2024-07-20 19:39:36 - DEBUG - File upload by user26
2024-07-19 20:15:58 - CRITICAL - Data update by user84
2024-07-20 09:59:20 - INFO - User logout by user63
2024-07-29 10:01:04 - DEBUG - Permission change by user47
2024-07-25 04:07:36 - DEBUG - Permission change by user92
2024-07-20 01:38:37 - WARNING - Data update by user8
2024-07-24 03:56:05 - ERROR - Permission change by user90
2024-07-26 10:50:07 - ERROR - User logout by user85
2024-07-26 04:31:46 - CRITICAL - File upload by user6
2024-07-20 23:22:47 - WARNING - Permission change by user56
2024-07-22 16:47:35 - ERROR - User logout by user71
2024-07-30 06:49:58 - ERROR - File upload by user7
2024-07-29 05:14:47 - ERROR - User login by user6
2024-07-29 02:03:23 - INFO - User logout by user87
2024-07-22 13:31:50 - DEBUG - File upload by user28
2024-07-30 17:37:16 - INFO - Permission change by user95
2024-07-23 07:52:31 - ERROR - User login by user59
2024-07-20 17:28:33 - CRITICAL - Permission change by user99
2024-07-21 08:57:16 - CRITICAL - File download by user13
2024-07-20 18:14:37 - DEBUG - User logout by user37
2024-07-29 12:07:58 - INFO - File download by user36
2024-07-25 00:59:32 - CRITICAL - Data update by user52
2024-07-22 12:30:47 - WARNING - Data update by user17
2024-07-23 15:50:53 - DEBUG - File upload by user31
2024-07-28 20:20:55 - CRITICAL - File download by user76
2024-07-19 18:44:58 - CRITICAL - Data update by user14
2024-07-24 08:13:11 - INFO - User login by user36
2024-07-28 10:19:31 - ERROR - Data update by user58
2024-07-30 01:24:40 - INFO - User logout by user74
2024-07-26 13:04:17 - CRITICAL - File download by user55
2024-07-28 12:20:57 - CRITICAL - User login by user1
2024-07-28 11:47:39 - ERROR - Data update by user100
2024-07-30 02:17:28 - ERROR - User logout by user95
2024-07-23 13:25:29 - ERROR - User logout by user8
2024-07-23 07:55:17 - WARNING - User logout by user56
2024-07-30 09:39:14 - CRITICAL - File download by user39
2024-07-26 21:54:36 - WARNING - User logout by user47
2024-07-26 05:14:33 - WARNING - File download by user75
2024-07-28 18:40:15 - ERROR - Permission change by user63
2024-07-25 13:53:39 - INFO - File download by user80
2024-07-28 08:06:01 - ERROR - Data update by user35
2024-07-27 16:52:55 - INFO - File download by user5
2024-07-26 21:28:49 - DEBUG - File download by user14
2024-07-26 14:18:09 - INFO - File download by user98
2024-07-20 21:38:26 - WARNING - User login by user12
2024-07-28 08:41:42 - DEBUG - Permission change by user21
2024-07-24 16:37:11 - DEBUG - File download by user55
2024-07-28 19:36:50 - ERROR - User logout by user2
2024-07-21 09:03:19 - CRITICAL - User logout by user55
2024-07-27 13:59:43 - CRITICAL - Data update by user67
2024-07-28 21:21:17 - DEBUG - Data update by user84
2024-07-30 02:46:54 - CRITICAL - User login by user24
2024-07-20 18:35:24 - ERROR - Data update by user89
2024-07-26 21:57:16 - INFO - File upload by user88
2024-07-27 11:10:41 - CRITICAL - User logout by user47
2024-07-23 06:53:11 - INFO - Permission change by user76
2024-07-22 18:31:06 - CRITICAL - User logout by user87
2024-07-24 08:24:26 - DEBUG - File download by user29
2024-07-27 19:28:06 - ERROR - Data update by user69
2024-07-30 10:53:47 - WARNING - Permission change by user12
2024-07-26 08:48:41 - WARNING - User logout by user88
2024-07-23 00:03:57 - ERROR - Permission change by user14
2024-07-24 10:28:53 - INFO - User login by user76
2024-07-22 00:30:20 - INFO - Data update by user83
2024-07-23 04:19:18 - CRITICAL - User logout by user79
2024-07-26 03:04:39 - DEBUG - Data update by user81
2024-07-30 04:29:02 - ERROR - User logout by user41
2024-07-27 21:13:37 - WARNING - File download by user58
2024-07-22 08:24:49 - WARNING - File upload by user85
2024-07-30 04:10:26 - CRITICAL - User login by user47
2024-07-28 09:54:25 - WARNING - User login by user33
2024-07-22 22:20:59 - INFO - File upload by user45
2024-07-25 16:34:13 - DEBUG - User logout by user63
2024-07-22 16:02:45 - DEBUG - User login by user43
2024-07-23 00:55:39 - ERROR - File download by user59
2024-07-20 09:34:21 - DEBUG - Permission change by user94
2024-07-25 06:33:07 - ERROR - File download by user52
2024-07-26 21:58:43 - CRITICAL - Permission change by user41
2024-07-25 21:31:38 - CRITICAL - User logout by user30
2024-07-22 15:40:00 - DEBUG - User login by user29
2024-07-22 14:12:10 - WARNING - Permission change by user89
2024-07-21 20:41:10 - INFO - User login by user99
2024-07-24 21:41:37 - WARNING - User logout by user22
2024-07-25 14:41:55 - WARNING - User login by user15
2024-07-28 23:58:34 - ERROR - Permission change by user60
2024-07-29 04:43:17 - ERROR - File upload by user71
2024-07-22 18:54:53 - DEBUG - User logout by user96
2024-07-25 08:52:00 - INFO - User logout by user93
2024-07-28 07:06:20 - DEBUG - File download by user1
2024-07-27 02:21:13 - INFO - Data update by user95
2024-07-20 11:36:10 - DEBUG - User login by user32
2024-07-28 15:38:26 - DEBUG - User login by user38
2024-07-19 09:41:15 - INFO - User logout by user81
2024-07-20 01:24:50 - DEBUG - Data update by user93
2024-07-25 14:16:33 - WARNING - User logout by user44
2024-07-25 18:08:45 - DEBUG - Data update by user22
2024-07-29 09:46:05 - WARNING - Data update by user73
2024-07-28 19:30:14 - DEBUG - File download by user26
2024-07-30 12:29:01 - INFO - User login by user76
2024-07-25 23:49:14 - CRITICAL - Data update by user72
2024-07-30 09:59:07 - WARNING - File upload by user56
2024-07-29 12:55:54 - INFO - Data update by user77
2024-07-26 02:41:43 - WARNING - Permission change by user72
2024-07-29 11:34:15 - WARNING - Permission change by user73
2024-07-23 09:51:20 - CRITICAL - Permission change by user71
2024-07-23 16:56:59 - CRITICAL - File download by user67
2024-07-20 02:53:58 - CRITICAL - User login by user4
2024-07-28 00:39:32 - WARNING - File download by user72
2024-07-24 17:57:26 - WARNING - Data update by user97
2024-07-26 10:45:35 - INFO - Permission change by user21
2024-07-24 19:55:23 - WARNING - File download by user100
2024-07-30 11:35:44 - DEBUG - User logout by user57
2024-07-29 01:08:58 - CRITICAL - Data update by user76
2024-07-25 16:55:28 - ERROR - File download by user31
2024-07-22 19:33:12 - WARNING - Data update by user68
2024-07-24 07:53:35 - CRITICAL - File upload by user57
2024-07-20 05:51:11 - INFO - File upload by user34
2024-07-30 19:53:55 - WARNING - Data update by user32
2024-07-20 00:08:17 - ERROR - Data update by user82
2024-07-24 00:51:03 - ERROR - Permission change by user5
2024-07-26 23:31:12 - DEBUG - User login by user24
2024-07-27 22:22:04 - INFO - User login by user42
2024-07-28 03:48:06 - CRITICAL - File download by user51
2024-07-21 05:15:45 - WARNING - User logout by user62
2024-07-25 10:38:02 - CRITICAL - User login by user80
2024-07-28 03:08:45 - INFO - File download by user31
2024-07-26 17:58:47 - ERROR - User logout by user28
2024-07-23 00:52:11 - DEBUG - User logout by user51
2024-07-22 14:18:08 - WARNING - User login by user80
2024-07-20 06:55:55 - CRITICAL - Permission change by user60
2024-07-25 04:06:52 - WARNING - Permission change by user6
2024-07-22 08:42:02 - DEBUG - User login by user75
2024-07-23 15:25:15 - ERROR - User login by user21
2024-07-28 05:04:32 - DEBUG - User login by user76
2024-07-30 03:33:30 - INFO - File upload by user51
2024-07-27 18:53:24 - INFO - Data update by user40
2024-07-22 20:34:29 - ERROR - Permission change by user15
2024-07-25 15:07:43 - INFO - Permission change by user33
2024-07-20 00:07:41 - ERROR - User logout by user14
2024-07-26 19:17:43 - WARNING - User login by user60
2024-07-22 21:55:45 - CRITICAL - User login by user5
2024-07-25 02:34:19 - CRITICAL - File upload by user1
2024-07-20 18:15:34 - ERROR - User logout by user23
2024-07-23 11:21:13 - INFO - User logout by user72
2024-07-29 16:29:05 - CRITICAL - User logout by user35
2024-07-29 11:59:41 - DEBUG - User logout by user77
2024-07-30 10:42:09 - CRITICAL - Permission change by user40
2024-07-20 10:19:41 - DEBUG - User login by user17
2024-07-25 02:37:35 - WARNING - User logout by user80
2024-07-20 01:46:23 - DEBUG - File download by user32
2024-07-26 14:39:23 - CRITICAL - File download by user38
2024-07-24 21:33:29 - ERROR - File download by user94
2024-07-30 09:51:31 - WARNING - File upload by user68
2024-07-30 10:13:12 - ERROR - File upload by user83
2024-07-30 06:18:18 - INFO - Data update by user5
2024-07-29 17:31:36 - CRITICAL - User login by user71
2024-07-22 06:18:07 - INFO - User logout by user11
2024-07-21 08:26:41 - DEBUG - User login by user18
2024-07-28 12:20:18 - INFO - File download by user71
2024-07-27 23:20:32 - INFO - User login by user77
2024-07-28 00:28:56 - ERROR - Data update by user56
2024-07-27 21:51:09 - INFO - File upload by user63
2024-07-27 06:00:21 - ERROR - User login by user64
2024-07-27 07:20:40 - DEBUG - User logout by user81
2024-07-26 09:25:38 - ERROR - Data update by user85
2024-07-20 15:49:25 - ERROR - Data update by user24
2024-07-20 17:00:12 - WARNING - File upload by user6
2024-07-26 07:14:33 - DEBUG - File upload by user38
2024-07-28 05:13:47 - CRITICAL - Permission change by user74
2024-07-23 19:15:30 - ERROR - User login by user79
2024-07-21 22:43:53 - INFO - File upload by user98
2024-07-26 01:45:16 - DEBUG - File upload by user46
2024-07-28 06:15:06 - WARNING - Permission change by user89
2024-07-29 05:38:08 - INFO - User login by user9
2024-07-28 06:31:27 - ERROR - User login by user32
2024-07-24 12:11:16 - WARNING - Permission change by user84
2024-07-24 01:59:57 - DEBUG - Data update by user3
2024-07-22 16:25:31 - DEBUG - Data update by user55
2024-07-23 13:04:28 - WARNING - Permission change by user61
2024-07-29 20:36:24 - ERROR - Data update by user30
2024-07-30 00:01:46 - DEBUG - User login by user5
2024-07-24 22:54:49 - ERROR - Data update by user61
2024-07-28 12:00:21 - CRITICAL - File download by user70
2024-07-28 11:53:25 - DEBUG - File download by user61
2024-07-24 23:30:11 - DEBUG - Data update by user27
2024-07-21 18:32:19 - CRITICAL - Data update by user76
2024-07-30 09:30:10 - ERROR - File upload by user6
2024-07-26 13:49:22 - ERROR - User login by user77
2024-07-23 00:29:17 - DEBUG - User logout by user55
2024-07-26 22:43:30 - WARNING - User logout by user88
2024-07-27 08:24:35 - WARNING - File download by user47
2024-07-26 10:26:40 - INFO - User logout by user17
2024-07-23 08:52:17 - ERROR - User login by user26
2024-07-26 19:48:03 - CRITICAL - User login by user18
2024-07-30 05:15:13 - INFO - File upload by user54
2024-07-27 10:59:06 - INFO - User login by user54
2024-07-27 11:13:13 - INFO - File upload by user44
2024-07-23 11:22:49 - WARNING - File download by user56
2024-07-20 17:26:58 - INFO - Data update by user74
2024-07-26 12:15:39 - INFO - Permission change by user70
2024-07-29 16:25:27 - ERROR - Permission change by user58
2024-07-25 18:04:46 - CRITICAL - Permission change by user5
2024-07-21 14:40:31 - INFO - File download by user65
2024-07-30 19:10:49 - INFO - Permission change by user39
2024-07-20 13:19:44 - INFO - File download by user36
2024-07-22 22:39:32 - WARNING - Permission change by user57
2024-07-27 10:22:25 - WARNING - User logout by user18
2024-07-19 11:36:07 - ERROR - Data update by user42
2024-07-30 00:13:33 - WARNING - User logout by user35
2024-07-25 03:20:32 - DEBUG - Data update by user8
2024-07-30 16:34:34 - WARNING - File download by user80
2024-07-23 11:53:49 - CRITICAL - User login by user49
2024-07-30 05:35:01 - DEBUG - User logout by user82
2024-07-29 00:39:14 - DEBUG - File upload by user15
2024-07-27 16:59:36 - INFO - User login by user3
2024-07-28 08:26:51 - INFO - User login by user38
2024-07-23 10:21:34 - WARNING - Permission change by user84
2024-07-23 06:03:07 - DEBUG - File upload by user23
2024-07-25 13:22:54 - DEBUG - User logout by user16
2024-07-21 01:32:00 - ERROR - File upload by user100
2024-07-30 17:33:59 - ERROR - User logout by user68
2024-07-26 04:52:29 - DEBUG - Data update by user59
2024-07-23 18:14:48 - CRITICAL - Permission change by user99
2024-07-27 03:04:06 - ERROR - User login by user29
2024-07-28 05:31:20 - INFO - Permission change by user91
2024-07-28 05:58:08 - DEBUG - Data update by user97
2024-07-29 16:54:02 - CRITICAL - Permission change by user96
2024-07-20 00:02:38 - DEBUG - File download by user93
2024-07-30 06:45:04 - INFO - File upload by user2
2024-07-21 15:32:35 - DEBUG - User login by user40
2024-07-24 22:27:55 - CRITICAL - Data update by user61
2024-07-24 19:43:30 - WARNING - File upload by user23
2024-07-23 12:58:41 - DEBUG - File upload by user69
2024-07-25 23:54:40 - CRITICAL - File download by user32
2024-07-29 01:46:32 - WARNING - Data update by user73
2024-07-22 19:06:58 - WARNING - User login by user64
2024-07-19 14:19:13 - WARNING - User logout by user49
2024-07-24 01:40:26 - ERROR - User logout by user1
2024-07-27 20:17:29 - INFO - File upload by user63
2024-07-24 09:32:16 - DEBUG - User logout by user66
2024-07-20 03:15:15 - CRITICAL - File download by user86
2024-07-24 08:37:44 - ERROR - File upload by user60
2024-07-20 15:37:03 - INFO - User login by user99
2024-07-25 16:30:30 - CRITICAL - File upload by user95
2024-07-22 20:59:26 - ERROR - File download by user21
2024-07-21 14:04:19 - INFO - File download by user92
2024-07-21 05:22:57 - CRITICAL - File download by user22
2024-07-20 03:33:59 - CRITICAL - File download by user24
2024-07-21 06:15:56 - DEBUG - Permission change by user84
2024-07-26 00:25:17 - ERROR - Data update by user100
2024-07-21 16:53:39 - WARNING - Permission change by user6
2024-07-21 19:44:17 - INFO - File upload by user18
2024-07-27 00:57:39 - ERROR - Permission change by user38
2024-07-26 08:30:31 - INFO - User logout by user95
2024-07-19 11:07:44 - INFO - Permission change by user75
2024-07-20 05:22:29 - ERROR - Data update by user1
2024-07-25 08:11:34 - CRITICAL - Permission change by user100
2024-07-22 22:46:13 - INFO - Permission change by user99
2024-07-20 23:45:08 - WARNING - User logout by user23
2024-07-25 11:18:20 - ERROR - Permission change by user97
2024-07-25 11:37:44 - INFO - File upload by user87
2024-07-30 05:22:14 - CRITICAL - Permission change by user28
2024-07-27 15:53:27 - ERROR - File upload by user91
2024-07-21 10:21:32 - DEBUG - User login by user39
2024-07-21 03:42:45 - CRITICAL - Permission change by user8
2024-07-24 09:09:45 - INFO - User login by user4
2024-07-28 10:56:46 - CRITICAL - User login by user73
2024-07-30 15:41:26 - INFO - File upload by user58
2024-07-24 18:30:55 - INFO - User logout by user49
2024-07-26 00:57:18 - ERROR - File download by user57
2024-07-30 01:50:23 - CRITICAL - Permission change by user61
2024-07-21 16:00:34 - CRITICAL - Data update by user88
2024-07-21 02:45:37 - DEBUG - User logout by user58
2024-07-27 07:51:54 - WARNING - User logout by user31
2024-07-28 00:14:29 - CRITICAL - User login by user27
2024-07-25 15:58:04 - DEBUG - Permission change by user6
2024-07-23 23:41:18 - DEBUG - File upload by user43
2024-07-25 09:40:59 - DEBUG - Permission change by user37
2024-07-30 08:28:52 - ERROR - File upload by user83
2024-07-26 07:09:10 - INFO - Data update by user20
2024-07-26 15:56:27 - WARNING - Data update by user9
2024-07-23 12:38:48 - INFO - Permission change by user25
2024-07-26 05:14:51 - ERROR - File upload by user76
2024-07-24 20:30:22 - INFO - Data update by user40
2024-07-30 14:43:30 - ERROR - User login by user75
2024-07-21 08:00:28 - DEBUG - File upload by user35
2024-07-29 10:02:25 - INFO - File upload by user57
2024-07-24 10:23:37 - INFO - User logout by user80
2024-07-25 11:21:30 - ERROR - Permission change by user98
2024-07-29 02:15:55 - INFO - User login by user69
2024-07-27 03:17:40 - INFO - File upload by user76
2024-07-26 15:32:48 - CRITICAL - File upload by user61
2024-07-19 22:43:05 - DEBUG - Data update by user56
2024-07-28 05:01:38 - ERROR - File download by user98
2024-07-20 19:55:52 - ERROR - User logout by user55
2024-07-24 06:07:16 - ERROR - File upload by user48
2024-07-23 23:12:09 - DEBUG - Data update by user80
2024-07-30 17:31:33 - WARNING - User login by user70
2024-07-29 13:24:34 - ERROR - User logout by user66
2024-07-30 08:25:32 - DEBUG - Data update by user60
2024-07-21 03:11:29 - CRITICAL - Data update by user78
2024-07-30 22:42:50 - WARNING - File download by user49
2024-07-24 23:31:08 - ERROR - File download by user78
2024-07-26 07:35:20 - ERROR - File upload by user37
2024-07-20 14:46:00 - INFO - File download by user90
2024-07-25 09:13:39 - ERROR - Data update by user32
2024-07-28 13:55:49 - CRITICAL - File upload by user29
2024-07-21 04:48:57 - CRITICAL - File download by user4
2024-07-29 11:42:44 - DEBUG - File upload by user73
2024-07-24 09:37:20 - INFO - File download by user75
2024-07-19 22:52:58 - WARNING - Data update by user68
2024-07-29 21:13:22 - CRITICAL - User login by user82
2024-07-27 14:59:32 - CRITICAL - User login by user57
2024-07-27 18:55:00 - WARNING - User login by user62
2024-07-22 21:00:21 - WARNING - User login by user68
2024-07-22 04:15:20 - CRITICAL - User login by user76
2024-07-28 10:05:26 - ERROR - User logout by user78
2024-07-28 23:53:19 - DEBUG - Permission change by user68
2024-07-22 12:51:48 - ERROR - Data update by user20
2024-07-29 10:30:40 - INFO - File download by user72
2024-07-24 16:48:19 - ERROR - Data update by user16
